<?xml version="1.0" encoding="UTF-8"?>
<testsuite name="com.NoDeadlines.SoftUniFestApp2023.SoftUniFestApp2023ApplicationTests" tests="1" skipped="0" failures="0" errors="0" timestamp="2023-10-27T10:18:35" hostname="tandreev-mac.local" time="0.582">
  <properties/>
  <testcase name="contextLoads()" classname="com.NoDeadlines.SoftUniFestApp2023.SoftUniFestApp2023ApplicationTests" time="0.582"/>
  <system-out><![CDATA[13:18:33.200 [Test worker] INFO org.springframework.test.context.support.AnnotationConfigContextLoaderUtils -- Could not detect default configuration classes for test class [com.NoDeadlines.SoftUniFestApp2023.SoftUniFestApp2023ApplicationTests]: SoftUniFestApp2023ApplicationTests does not declare any static, non-private, non-final, nested classes annotated with @Configuration.
13:18:33.278 [Test worker] INFO org.springframework.boot.test.context.SpringBootTestContextBootstrapper -- Found @SpringBootConfiguration com.NoDeadlines.SoftUniFestApp2023.SoftUniFestApp2023Application for test class com.NoDeadlines.SoftUniFestApp2023.SoftUniFestApp2023ApplicationTests

  .   ____          _            __ _ _
 /\\ / ___'_ __ _ _(_)_ __  __ _ \ \ \ \
( ( )\___ | '_ | '_| | '_ \/ _` | \ \ \ \
 \\/  ___)| |_)| | | | | || (_| |  ) ) ) )
  '  |____| .__|_| |_|_| |_\__, | / / / /
 =========|_|==============|___/=/_/_/_/
 :: Spring Boot ::                (v3.1.5)

2023-10-27T13:18:33.530+03:00  INFO 56428 --- [    Test worker] c.N.S.SoftUniFestApp2023ApplicationTests : Starting SoftUniFestApp2023ApplicationTests using Java 17.0.8.1 with PID 56428 (started by toniandreev in /Users/toniandreev/IdeaProjects/SoftUniFest/SoftUniFestApp2023)
2023-10-27T13:18:33.531+03:00  INFO 56428 --- [    Test worker] c.N.S.SoftUniFestApp2023ApplicationTests : No active profile set, falling back to 1 default profile: "default"
2023-10-27T13:18:33.958+03:00  INFO 56428 --- [    Test worker] .s.d.r.c.RepositoryConfigurationDelegate : Bootstrapping Spring Data JPA repositories in DEFAULT mode.
2023-10-27T13:18:33.980+03:00  INFO 56428 --- [    Test worker] .s.d.r.c.RepositoryConfigurationDelegate : Finished Spring Data repository scanning in 16 ms. Found 0 JPA repository interfaces.
2023-10-27T13:18:34.257+03:00  INFO 56428 --- [    Test worker] com.zaxxer.hikari.HikariDataSource       : web-app - Starting...
2023-10-27T13:18:34.681+03:00  INFO 56428 --- [    Test worker] com.zaxxer.hikari.pool.HikariPool        : web-app - Added connection org.mariadb.jdbc.Connection@7ebe2e47
2023-10-27T13:18:34.682+03:00  INFO 56428 --- [    Test worker] com.zaxxer.hikari.HikariDataSource       : web-app - Start completed.
2023-10-27T13:18:34.723+03:00  INFO 56428 --- [    Test worker] o.hibernate.jpa.internal.util.LogHelper  : HHH000204: Processing PersistenceUnitInfo [name: default]
2023-10-27T13:18:34.765+03:00  INFO 56428 --- [    Test worker] org.hibernate.Version                    : HHH000412: Hibernate ORM core version 6.2.13.Final
2023-10-27T13:18:34.767+03:00  INFO 56428 --- [    Test worker] org.hibernate.cfg.Environment            : HHH000406: Using bytecode reflection optimizer
2023-10-27T13:18:35.022+03:00  INFO 56428 --- [    Test worker] o.s.o.j.p.SpringPersistenceUnitInfo      : No LoadTimeWeaver setup: ignoring JPA class transformer
2023-10-27T13:18:35.114+03:00  WARN 56428 --- [    Test worker] org.hibernate.orm.deprecation            : HHH90000025: MySQLDialect does not need to be specified explicitly using 'hibernate.dialect' (remove the property setting and it will be selected by default)
2023-10-27T13:18:35.377+03:00  INFO 56428 --- [    Test worker] o.h.e.t.j.p.i.JtaPlatformInitiator       : HHH000489: No JTA platform available (set 'hibernate.transaction.jta.platform' to enable JTA platform integration)
2023-10-27T13:18:35.381+03:00  INFO 56428 --- [    Test worker] j.LocalContainerEntityManagerFactoryBean : Initialized JPA EntityManagerFactory for persistence unit 'default'
2023-10-27T13:18:35.535+03:00  WARN 56428 --- [    Test worker] JpaBaseConfiguration$JpaWebConfiguration : spring.jpa.open-in-view is enabled by default. Therefore, database queries may be performed during view rendering. Explicitly configure spring.jpa.open-in-view to disable this warning
2023-10-27T13:18:35.868+03:00  INFO 56428 --- [    Test worker] c.N.S.SoftUniFestApp2023ApplicationTests : Started SoftUniFestApp2023ApplicationTests in 2.485 seconds (process running for 3.319)
]]></system-out>
  <system-err><![CDATA[]]></system-err>
</testsuite>
